<?xml version="1.0" encoding="UTF-8"?>
<testng-results ignored="0" total="1" passed="1" failed="0" skipped="0">
  <reporter-output>
  </reporter-output>
  <suite started-at="2025-06-14T21:07:42 AEST" name="Default suite" finished-at="2025-06-14T21:08:04 AEST" duration-ms="21790">
    <groups>
    </groups>
    <test started-at="2025-06-14T21:07:42 AEST" name="Default test" finished-at="2025-06-14T21:08:04 AEST" duration-ms="21790">
      <class name="practiceGuru99.Test.VerifyCompareProducts">
        <test-method is-config="true" signature="launchApplication()[pri:0, instance:practiceGuru99.Test.VerifyCompareProducts@5386659f]" started-at="2025-06-14T21:07:42 AEST" name="launchApplication" finished-at="2025-06-14T21:07:54 AEST" duration-ms="11151" status="PASS">
          <reporter-output>
          </reporter-output>
        </test-method> <!-- launchApplication -->
        <test-method signature="sortByName()[pri:0, instance:practiceGuru99.Test.VerifyCompareProducts@5386659f]" started-at="2025-06-14T21:07:54 AEST" name="sortByName" finished-at="2025-06-14T21:08:04 AEST" duration-ms="10580" status="PASS">
          <reporter-output>
          </reporter-output>
        </test-method> <!-- sortByName -->
      </class> <!-- practiceGuru99.Test.VerifyCompareProducts -->
    </test> <!-- Default test -->
  </suite> <!-- Default suite -->
</testng-results>
